🌱 Seeding database...
❌ Seed error: PrismaClientKnownRequestError: 
Invalid `prisma.user.upsert()` invocation in
/Users/seagate/Library/CloudStorage/GoogleDrive-seagatejogja@ugm.ac.id/My Drive/TRackerPLTS/plts-tracker/prisma/seed.ts:22:35

  19 // ============================================================
  20 // USERS — 3 demo accounts (admin, mitra, operator)
  21 // ============================================================
→ 22 const admin = await prisma.user.upsert(
The table `main.users` does not exist in the current database.
    at zr.handleRequestError (/Users/seagate/Library/CloudStorage/GoogleDrive-seagatejogja@ugm.ac.id/My Drive/TRackerPLTS/plts-tracker/node_modules/@prisma/client/src/runtime/RequestHandler.ts:237:13)
    at zr.handleAndLogRequestError (/Users/seagate/Library/CloudStorage/GoogleDrive-seagatejogja@ugm.ac.id/My Drive/TRackerPLTS/plts-tracker/node_modules/@prisma/client/src/runtime/RequestHandler.ts:183:12)
    at zr.request (/Users/seagate/Library/CloudStorage/GoogleDrive-seagatejogja@ugm.ac.id/My Drive/TRackerPLTS/plts-tracker/node_modules/@prisma/client/src/runtime/RequestHandler.ts:152:12)
    at async a (/Users/seagate/Library/CloudStorage/GoogleDrive-seagatejogja@ugm.ac.id/My Drive/TRackerPLTS/plts-tracker/node_modules/@prisma/client/src/runtime/getPrismaClient.ts:963:24)
    at async main (/Users/seagate/Library/CloudStorage/GoogleDrive-seagatejogja@ugm.ac.id/My Drive/TRackerPLTS/plts-tracker/prisma/seed.ts:22:17) {
  code: 'P2021',
  meta: {
    modelName: 'User',
    driverAdapterError: DriverAdapterError: TableDoesNotExist
        at BetterSQLite3Transaction.onError (/Users/seagate/Library/CloudStorage/GoogleDrive-seagatejogja@ugm.ac.id/My Drive/TRackerPLTS/plts-tracker/node_modules/@prisma/adapter-better-sqlite3/dist/index.js:569:11)
        at BetterSQLite3Transaction.performIO (/Users/seagate/Library/CloudStorage/GoogleDrive-seagatejogja@ugm.ac.id/My Drive/TRackerPLTS/plts-tracker/node_modules/@prisma/adapter-better-sqlite3/dist/index.js:564:12)
        at BetterSQLite3Transaction.queryRaw (/Users/seagate/Library/CloudStorage/GoogleDrive-seagatejogja@ugm.ac.id/My Drive/TRackerPLTS/plts-tracker/node_modules/@prisma/adapter-better-sqlite3/dist/index.js:505:63)
        at callback (/Users/seagate/Library/CloudStorage/GoogleDrive-seagatejogja@ugm.ac.id/My Drive/TRackerPLTS/plts-tracker/node_modules/@prisma/client-engine-runtime/src/interpreter/query-interpreter.ts:188:16)
        at withQuerySpanAndEvent (/Users/seagate/Library/CloudStorage/GoogleDrive-seagatejogja@ugm.ac.id/My Drive/TRackerPLTS/plts-tracker/node_modules/@prisma/client-engine-runtime/src/tracing.ts:80:12)
        at e.#withQuerySpanAndEvent (/Users/seagate/Library/CloudStorage/GoogleDrive-seagatejogja@ugm.ac.id/My Drive/TRackerPLTS/plts-tracker/node_modules/@prisma/client-engine-runtime/src/interpreter/query-interpreter.ts:373:12)
        at e.interpretNode (/Users/seagate/Library/CloudStorage/GoogleDrive-seagatejogja@ugm.ac.id/My Drive/TRackerPLTS/plts-tracker/node_modules/@prisma/client-engine-runtime/src/interpreter/query-interpreter.ts:186:37)
        at e.interpretNode (/Users/seagate/Library/CloudStorage/GoogleDrive-seagatejogja@ugm.ac.id/My Drive/TRackerPLTS/plts-tracker/node_modules/@prisma/client-engine-runtime/src/interpreter/query-interpreter.ts:128:40)
        at e.interpretNode (/Users/seagate/Library/CloudStorage/GoogleDrive-seagatejogja@ugm.ac.id/My Drive/TRackerPLTS/plts-tracker/node_modules/@prisma/client-engine-runtime/src/interpreter/query-interpreter.ts:272:52)
        at e.interpretNode (/Users/seagate/Library/CloudStorage/GoogleDrive-seagatejogja@ugm.ac.id/My Drive/TRackerPLTS/plts-tracker/node_modules/@prisma/client-engine-runtime/src/interpreter/query-interpreter.ts:262:36) {
      cause: [Object]
    }
  },
  clientVersion: '7.8.0'
}
